# JRE version: Java(TM) SE Runtime Environment (17.0.9+11) (build 17.0.9+11-LTS-201)
# Java VM: Java HotSpot(TM) 64-Bit Server VM (17.0.9+11-LTS-201, mixed mode, sharing, tiered, compressed oops, compressed class ptrs, g1 gc, linux-amd64)
GC Precious Log:
 CPUs: 4 total, 4 available
 Memory: 6856M
 Large Page Support: Disabled
 NUMA Support: Disabled
 Compressed Oops: Enabled (32-bit)
 Heap Region Size: 1M
 Heap Min Capacity: 8M
 Heap Initial Capacity: 108M
 Heap Max Capacity: 2G
 Pre-touch: Disabled
 Parallel Workers: 4
 Concurrent Workers: 1
 Concurrent Refinement Workers: 4
 Periodic GC: Disabled
Heap:
 garbage-first heap   total 271360K, used 228553K [0x0000000080000000, 0x0000000100000000)
  region size 1024K, 29 young (29696K), 4 survivors (4096K)
 Metaspace       used 102882K, committed 104128K, reserved 557056K
  class space    used 14161K, committed 14720K, reserved 425984K
GC Heap History (20 events):
Event: 121.398 GC heap after
{Heap after GC invocations=52 (full 0):
 garbage-first heap   total 191488K, used 153611K [0x0000000080000000, 0x0000000100000000)
  region size 1024K, 3 young (3072K), 3 survivors (3072K)
 Metaspace       used 89769K, committed 90816K, reserved 557056K
  class space    used 12461K, committed 12992K, reserved 425984K
}
Event: 122.159 GC heap before
{Heap before GC invocations=52 (full 0):
 garbage-first heap   total 191488K, used 162827K [0x0000000080000000, 0x0000000100000000)
  region size 1024K, 13 young (13312K), 3 survivors (3072K)
 Metaspace       used 89822K, committed 90944K, reserved 557056K
  class space    used 12464K, committed 12992K, reserved 425984K
}
Event: 122.171 GC heap after
{Heap after GC invocations=53 (full 0):
 garbage-first heap   total 191488K, used 154622K [0x0000000080000000, 0x0000000100000000)
  region size 1024K, 1 young (1024K), 1 survivors (1024K)
 Metaspace       used 89822K, committed 90944K, reserved 557056K
  class space    used 12464K, committed 12992K, reserved 425984K
}
Event: 123.864 GC heap before
{Heap before GC invocations=54 (full 0):
 garbage-first heap   total 271360K, used 173054K [0x0000000080000000, 0x0000000100000000)
  region size 1024K, 13 young (13312K), 1 survivors (1024K)
 Metaspace       used 90282K, committed 91392K, reserved 557056K
  class space    used 12535K, committed 13056K, reserved 425984K
}
Event: 123.881 GC heap after
{Heap after GC invocations=55 (full 0):
 garbage-first heap   total 271360K, used 165154K [0x0000000080000000, 0x0000000100000000)
  region size 1024K, 2 young (2048K), 2 survivors (2048K)
 Metaspace       used 90282K, committed 91392K, reserved 557056K
  class space    used 12535K, committed 13056K, reserved 425984K
}
Event: 124.631 GC heap before
{Heap before GC invocations=55 (full 0):
 garbage-first heap   total 271360K, used 175394K [0x0000000080000000, 0x0000000100000000)
  region size 1024K, 13 young (13312K), 2 survivors (2048K)
 Metaspace       used 91324K, committed 92480K, reserved 557056K
  class space    used 12661K, committed 13184K, reserved 425984K
}
Event: 124.644 GC heap after
{Heap after GC invocations=56 (full 0):
 garbage-first heap   total 271360K, used 165636K [0x0000000080000000, 0x0000000100000000)
  region size 1024K, 2 young (2048K), 2 survivors (2048K)
 Metaspace       used 91324K, committed 92480K, reserved 557056K
  class space    used 12661K, committed 13184K, reserved 425984K
}
Event: 130.614 GC heap before
{Heap before GC invocations=56 (full 0):
 garbage-first heap   total 271360K, used 214788K [0x0000000080000000, 0x0000000100000000)
  region size 1024K, 49 young (50176K), 2 survivors (2048K)
 Metaspace       used 93779K, committed 95040K, reserved 557056K
  class space    used 12995K, committed 13568K, reserved 425984K
}
Event: 130.651 GC heap after
{Heap after GC invocations=57 (full 0):
 garbage-first heap   total 271360K, used 175819K [0x0000000080000000, 0x0000000100000000)
  region size 1024K, 7 young (7168K), 7 survivors (7168K)
 Metaspace       used 93779K, committed 95040K, reserved 557056K
  class space    used 12995K, committed 13568K, reserved 425984K
}
Event: 133.331 GC heap before
{Heap before GC invocations=57 (full 0):
 garbage-first heap   total 271360K, used 219851K [0x0000000080000000, 0x0000000100000000)
  region size 1024K, 48 young (49152K), 7 survivors (7168K)
 Metaspace       used 94391K, committed 95616K, reserved 557056K
  class space    used 13071K, committed 13632K, reserved 425984K
}
Event: 133.363 GC heap after
{Heap after GC invocations=58 (full 0):
 garbage-first heap   total 271360K, used 187627K [0x0000000080000000, 0x0000000100000000)
  region size 1024K, 6 young (6144K), 6 survivors (6144K)
 Metaspace       used 94391K, committed 95616K, reserved 557056K
  class space    used 13071K, committed 13632K, reserved 425984K
}
Event: 134.835 GC heap before
{Heap before GC invocations=58 (full 0):
 garbage-first heap   total 271360K, used 219371K [0x0000000080000000, 0x0000000100000000)
  region size 1024K, 38 young (38912K), 6 survivors (6144K)
 Metaspace       used 97303K, committed 98496K, reserved 557056K
  class space    used 13432K, committed 13952K, reserved 425984K
}
Event: 134.863 GC heap after
{Heap after GC invocations=59 (full 0):
 garbage-first heap   total 271360K, used 192675K [0x0000000080000000, 0x0000000100000000)
  region size 1024K, 5 young (5120K), 5 survivors (5120K)
 Metaspace       used 97303K, committed 98496K, reserved 557056K
  class space    used 13432K, committed 13952K, reserved 425984K
}
Event: 135.940 GC heap before
{Heap before GC invocations=59 (full 0):
 garbage-first heap   total 271360K, used 223395K [0x0000000080000000, 0x0000000100000000)
  region size 1024K, 35 young (35840K), 5 survivors (5120K)
 Metaspace       used 99035K, committed 100288K, reserved 557056K
  class space    used 13670K, committed 14208K, reserved 425984K
}
Event: 135.964 GC heap after
{Heap after GC invocations=60 (full 0):
 garbage-first heap   total 271360K, used 194932K [0x0000000080000000, 0x0000000100000000)
  region size 1024K, 2 young (2048K), 2 survivors (2048K)
 Metaspace       used 99035K, committed 100288K, reserved 557056K
  class space    used 13670K, committed 14208K, reserved 425984K
}
Event: 137.474 GC heap before
{Heap before GC invocations=60 (full 0):
 garbage-first heap   total 271360K, used 225652K [0x0000000080000000, 0x0000000100000000)
  region size 1024K, 32 young (32768K), 2 survivors (2048K)
 Metaspace       used 100779K, committed 102016K, reserved 557056K
  class space    used 13912K, committed 14464K, reserved 425984K
}
Event: 137.495 GC heap after
{Heap after GC invocations=61 (full 0):
 garbage-first heap   total 271360K, used 197689K [0x0000000080000000, 0x0000000100000000)
  region size 1024K, 4 young (4096K), 4 survivors (4096K)
 Metaspace       used 100779K, committed 102016K, reserved 557056K
  class space    used 13912K, committed 14464K, reserved 425984K
}
Event: 139.071 GC heap before
{Heap before GC invocations=61 (full 0):
 garbage-first heap   total 271360K, used 227385K [0x0000000080000000, 0x0000000100000000)
  region size 1024K, 33 young (33792K), 4 survivors (4096K)
 Metaspace       used 102159K, committed 103424K, reserved 557056K
  class space    used 14086K, committed 14656K, reserved 425984K
}
Event: 139.098 GC heap after
{Heap after GC invocations=62 (full 0):
 garbage-first heap   total 271360K, used 202953K [0x0000000080000000, 0x0000000100000000)
  region size 1024K, 5 young (5120K), 5 survivors (5120K)
 Metaspace       used 102159K, committed 103424K, reserved 557056K
  class space    used 14086K, committed 14656K, reserved 425984K
}
Event: 140.452 GC heap before
{Heap before GC invocations=62 (full 0):
 garbage-first heap   total 271360K, used 228553K [0x0000000080000000, 0x0000000100000000)
  region size 1024K, 30 young (30720K), 5 survivors (5120K)
 Metaspace       used 102882K, committed 104128K, reserved 557056K
  class space    used 14161K, committed 14720K, reserved 425984K
}

