# JRE version: Java(TM) SE Runtime Environment (17.0.9+11) (build 17.0.9+11-LTS-201)
# Java VM: Java HotSpot(TM) 64-Bit Server VM (17.0.9+11-LTS-201, mixed mode, sharing, tiered, compressed oops, compressed class ptrs, g1 gc, linux-amd64)
GC Precious Log:
 CPUs: 4 total, 4 available
 Memory: 6856M
 Large Page Support: Disabled
 NUMA Support: Disabled
 Compressed Oops: Enabled (32-bit)
 Heap Region Size: 1M
 Heap Min Capacity: 8M
 Heap Initial Capacity: 108M
 Heap Max Capacity: 2G
 Pre-touch: Disabled
 Parallel Workers: 4
 Concurrent Workers: 1
 Concurrent Refinement Workers: 4
 Periodic GC: Disabled
Heap:
 garbage-first heap   total 86016K, used 47038K [0x0000000080000000, 0x0000000100000000)
  region size 1024K, 24 young (24576K), 7 survivors (7168K)
 Metaspace       used 31235K, committed 31616K, reserved 491520K
  class space    used 4332K, committed 4480K, reserved 425984K
GC Heap History (12 events):
Event: 0.843 GC heap before
{Heap before GC invocations=0 (full 0):
 garbage-first heap   total 112640K, used 17388K [0x0000000080000000, 0x0000000100000000)
  region size 1024K, 13 young (13312K), 0 survivors (0K)
 Metaspace       used 966K, committed 1088K, reserved 491520K
  class space    used 75K, committed 128K, reserved 425984K
}
Event: 0.851 GC heap after
{Heap after GC invocations=1 (full 0):
 garbage-first heap   total 112640K, used 9178K [0x0000000080000000, 0x0000000100000000)
  region size 1024K, 2 young (2048K), 2 survivors (2048K)
 Metaspace       used 966K, committed 1088K, reserved 491520K
  class space    used 75K, committed 128K, reserved 425984K
}
Event: 2.053 GC heap before
{Heap before GC invocations=1 (full 0):
 garbage-first heap   total 112640K, used 24538K [0x0000000080000000, 0x0000000100000000)
  region size 1024K, 17 young (17408K), 2 survivors (2048K)
 Metaspace       used 3817K, committed 3968K, reserved 491520K
  class space    used 483K, committed 576K, reserved 425984K
}
Event: 2.062 GC heap after
{Heap after GC invocations=2 (full 0):
 garbage-first heap   total 112640K, used 11202K [0x0000000080000000, 0x0000000100000000)
  region size 1024K, 2 young (2048K), 2 survivors (2048K)
 Metaspace       used 3817K, committed 3968K, reserved 491520K
  class space    used 483K, committed 576K, reserved 425984K
}
Event: 2.638 GC heap before
{Heap before GC invocations=2 (full 0):
 garbage-first heap   total 112640K, used 33730K [0x0000000080000000, 0x0000000100000000)
  region size 1024K, 23 young (23552K), 2 survivors (2048K)
 Metaspace       used 4215K, committed 4416K, reserved 491520K
  class space    used 552K, committed 640K, reserved 425984K
}
Event: 2.651 GC heap after
{Heap after GC invocations=3 (full 0):
 garbage-first heap   total 112640K, used 15892K [0x0000000080000000, 0x0000000100000000)
  region size 1024K, 3 young (3072K), 3 survivors (3072K)
 Metaspace       used 4215K, committed 4416K, reserved 491520K
  class space    used 552K, committed 640K, reserved 425984K
}
Event: 6.134 GC heap before
{Heap before GC invocations=3 (full 0):
 garbage-first heap   total 112640K, used 78356K [0x0000000080000000, 0x0000000100000000)
  region size 1024K, 64 young (65536K), 3 survivors (3072K)
 Metaspace       used 16717K, committed 17024K, reserved 491520K
  class space    used 2459K, committed 2624K, reserved 425984K
}
Event: 6.151 GC heap after
{Heap after GC invocations=4 (full 0):
 garbage-first heap   total 112640K, used 21063K [0x0000000080000000, 0x0000000100000000)
  region size 1024K, 8 young (8192K), 8 survivors (8192K)
 Metaspace       used 16717K, committed 17024K, reserved 491520K
  class space    used 2459K, committed 2624K, reserved 425984K
}
Event: 7.877 GC heap before
{Heap before GC invocations=4 (full 0):
 garbage-first heap   total 112640K, used 52807K [0x0000000080000000, 0x0000000100000000)
  region size 1024K, 40 young (40960K), 8 survivors (8192K)
 Metaspace       used 21241K, committed 21504K, reserved 491520K
  class space    used 3179K, committed 3328K, reserved 425984K
}
Event: 7.909 GC heap after
{Heap after GC invocations=5 (full 0):
 garbage-first heap   total 112640K, used 22992K [0x0000000080000000, 0x0000000100000000)
  region size 1024K, 2 young (2048K), 2 survivors (2048K)
 Metaspace       used 21241K, committed 21504K, reserved 491520K
  class space    used 3179K, committed 3328K, reserved 425984K
}
Event: 10.827 GC heap before
{Heap before GC invocations=6 (full 0):
 garbage-first heap   total 86016K, used 71120K [0x0000000080000000, 0x0000000100000000)
  region size 1024K, 50 young (51200K), 2 survivors (2048K)
 Metaspace       used 28840K, committed 29184K, reserved 491520K
  class space    used 4073K, committed 4224K, reserved 425984K
}
Event: 10.882 GC heap after
{Heap after GC invocations=7 (full 0):
 garbage-first heap   total 86016K, used 27582K [0x0000000080000000, 0x0000000100000000)
  region size 1024K, 7 young (7168K), 7 survivors (7168K)
 Metaspace       used 28840K, committed 29184K, reserved 491520K
  class space    used 4073K, committed 4224K, reserved 425984K
}

