# JRE version: Java(TM) SE Runtime Environment (17.0.9+11) (build 17.0.9+11-LTS-201)
# Java VM: Java HotSpot(TM) 64-Bit Server VM (17.0.9+11-LTS-201, mixed mode, sharing, tiered, compressed oops, compressed class ptrs, g1 gc, linux-amd64)
GC Precious Log:
 CPUs: 4 total, 4 available
 Memory: 6856M
 Large Page Support: Disabled
 NUMA Support: Disabled
 Compressed Oops: Enabled (32-bit)
 Heap Region Size: 1M
 Heap Min Capacity: 8M
 Heap Initial Capacity: 108M
 Heap Max Capacity: 2G
 Pre-touch: Disabled
 Parallel Workers: 4
 Concurrent Workers: 1
 Concurrent Refinement Workers: 4
 Periodic GC: Disabled
Heap:
 garbage-first heap   total 102400K, used 73585K [0x0000000080000000, 0x0000000100000000)
  region size 1024K, 23 young (23552K), 4 survivors (4096K)
 Metaspace       used 60057K, committed 60672K, reserved 491520K
  class space    used 8471K, committed 8768K, reserved 425984K
GC Heap History (20 events):
Event: 76.021 GC heap before
{Heap before GC invocations=9 (full 0):
 garbage-first heap   total 86016K, used 39757K [0x0000000080000000, 0x0000000100000000)
  region size 1024K, 11 young (11264K), 3 survivors (3072K)
 Metaspace       used 35693K, committed 36096K, reserved 491520K
  class space    used 4918K, committed 5120K, reserved 425984K
}
Event: 76.035 GC heap after
{Heap after GC invocations=10 (full 0):
 garbage-first heap   total 86016K, used 32913K [0x0000000080000000, 0x0000000100000000)
  region size 1024K, 3 young (3072K), 3 survivors (3072K)
 Metaspace       used 35693K, committed 36096K, reserved 491520K
  class space    used 4918K, committed 5120K, reserved 425984K
}
Event: 78.433 GC heap before
{Heap before GC invocations=11 (full 0):
 garbage-first heap   total 86016K, used 63633K [0x0000000080000000, 0x0000000100000000)
  region size 1024K, 33 young (33792K), 3 survivors (3072K)
 Metaspace       used 39337K, committed 39872K, reserved 491520K
  class space    used 5516K, committed 5760K, reserved 425984K
}
Event: 78.442 GC heap after
{Heap after GC invocations=12 (full 0):
 garbage-first heap   total 86016K, used 34796K [0x0000000080000000, 0x0000000100000000)
  region size 1024K, 3 young (3072K), 3 survivors (3072K)
 Metaspace       used 39337K, committed 39872K, reserved 491520K
  class space    used 5516K, committed 5760K, reserved 425984K
}
Event: 83.239 GC heap before
{Heap before GC invocations=12 (full 0):
 garbage-first heap   total 86016K, used 65516K [0x0000000080000000, 0x0000000100000000)
  region size 1024K, 32 young (32768K), 3 survivors (3072K)
 Metaspace       used 42205K, committed 42688K, reserved 491520K
  class space    used 5928K, committed 6144K, reserved 425984K
}
Event: 83.253 GC heap after
{Heap after GC invocations=13 (full 0):
 garbage-first heap   total 86016K, used 39334K [0x0000000080000000, 0x0000000100000000)
  region size 1024K, 4 young (4096K), 4 survivors (4096K)
 Metaspace       used 42205K, committed 42688K, reserved 491520K
  class space    used 5928K, committed 6144K, reserved 425984K
}
Event: 87.292 GC heap before
{Heap before GC invocations=13 (full 0):
 garbage-first heap   total 86016K, used 70054K [0x0000000080000000, 0x0000000100000000)
  region size 1024K, 30 young (30720K), 4 survivors (4096K)
 Metaspace       used 46128K, committed 46656K, reserved 491520K
  class space    used 6459K, committed 6720K, reserved 425984K
}
Event: 87.312 GC heap after
{Heap after GC invocations=14 (full 0):
 garbage-first heap   total 86016K, used 46530K [0x0000000080000000, 0x0000000100000000)
  region size 1024K, 3 young (3072K), 3 survivors (3072K)
 Metaspace       used 46128K, committed 46656K, reserved 491520K
  class space    used 6459K, committed 6720K, reserved 425984K
}
Event: 91.793 GC heap before
{Heap before GC invocations=14 (full 0):
 garbage-first heap   total 86016K, used 68034K [0x0000000080000000, 0x0000000100000000)
  region size 1024K, 24 young (24576K), 3 survivors (3072K)
 Metaspace       used 48297K, committed 48832K, reserved 491520K
  class space    used 6791K, committed 7040K, reserved 425984K
}
Event: 91.803 GC heap after
{Heap after GC invocations=15 (full 0):
 garbage-first heap   total 86016K, used 48180K [0x0000000080000000, 0x0000000100000000)
  region size 1024K, 2 young (2048K), 2 survivors (2048K)
 Metaspace       used 48297K, committed 48832K, reserved 491520K
  class space    used 6791K, committed 7040K, reserved 425984K
}
Event: 93.358 GC heap before
{Heap before GC invocations=16 (full 0):
 garbage-first heap   total 89088K, used 67636K [0x0000000080000000, 0x0000000100000000)
  region size 1024K, 21 young (21504K), 2 survivors (2048K)
 Metaspace       used 50620K, committed 51200K, reserved 491520K
  class space    used 7139K, committed 7424K, reserved 425984K
}
Event: 93.368 GC heap after
{Heap after GC invocations=17 (full 0):
 garbage-first heap   total 89088K, used 49210K [0x0000000080000000, 0x0000000100000000)
  region size 1024K, 3 young (3072K), 3 survivors (3072K)
 Metaspace       used 50620K, committed 51200K, reserved 491520K
  class space    used 7139K, committed 7424K, reserved 425984K
}
Event: 94.111 GC heap before
{Heap before GC invocations=17 (full 0):
 garbage-first heap   total 89088K, used 71738K [0x0000000080000000, 0x0000000100000000)
  region size 1024K, 25 young (25600K), 3 survivors (3072K)
 Metaspace       used 53606K, committed 54208K, reserved 491520K
  class space    used 7517K, committed 7808K, reserved 425984K
}
Event: 94.123 GC heap after
{Heap after GC invocations=18 (full 0):
 garbage-first heap   total 89088K, used 50607K [0x0000000080000000, 0x0000000100000000)
  region size 1024K, 3 young (3072K), 3 survivors (3072K)
 Metaspace       used 53606K, committed 54208K, reserved 491520K
  class space    used 7517K, committed 7808K, reserved 425984K
}
Event: 96.008 GC heap before
{Heap before GC invocations=19 (full 0):
 garbage-first heap   total 94208K, used 71087K [0x0000000080000000, 0x0000000100000000)
  region size 1024K, 23 young (23552K), 3 survivors (3072K)
 Metaspace       used 55227K, committed 55872K, reserved 491520K
  class space    used 7708K, committed 8000K, reserved 425984K
}
Event: 96.021 GC heap after
{Heap after GC invocations=20 (full 0):
 garbage-first heap   total 94208K, used 52188K [0x0000000080000000, 0x0000000100000000)
  region size 1024K, 3 young (3072K), 3 survivors (3072K)
 Metaspace       used 55227K, committed 55872K, reserved 491520K
  class space    used 7708K, committed 8000K, reserved 425984K
}
Event: 97.376 GC heap before
{Heap before GC invocations=20 (full 0):
 garbage-first heap   total 94208K, used 75740K [0x0000000080000000, 0x0000000100000000)
  region size 1024K, 26 young (26624K), 3 survivors (3072K)
 Metaspace       used 56963K, committed 57472K, reserved 491520K
  class space    used 7996K, committed 8256K, reserved 425984K
}
Event: 97.403 GC heap after
{Heap after GC invocations=21 (full 0):
 garbage-first heap   total 94208K, used 53908K [0x0000000080000000, 0x0000000100000000)
  region size 1024K, 4 young (4096K), 4 survivors (4096K)
 Metaspace       used 56963K, committed 57472K, reserved 491520K
  class space    used 7996K, committed 8256K, reserved 425984K
}
Event: 99.710 GC heap before
{Heap before GC invocations=22 (full 0):
 garbage-first heap   total 102400K, used 75412K [0x0000000080000000, 0x0000000100000000)
  region size 1024K, 25 young (25600K), 4 survivors (4096K)
 Metaspace       used 58522K, committed 59136K, reserved 491520K
  class space    used 8209K, committed 8512K, reserved 425984K
}
Event: 99.732 GC heap after
{Heap after GC invocations=23 (full 0):
 garbage-first heap   total 102400K, used 56177K [0x0000000080000000, 0x0000000100000000)
  region size 1024K, 4 young (4096K), 4 survivors (4096K)
 Metaspace       used 58522K, committed 59136K, reserved 491520K
  class space    used 8209K, committed 8512K, reserved 425984K
}

