# JRE version: Java(TM) SE Runtime Environment (17.0.9+11) (build 17.0.9+11-LTS-201)
# Java VM: Java HotSpot(TM) 64-Bit Server VM (17.0.9+11-LTS-201, mixed mode, sharing, tiered, compressed oops, compressed class ptrs, g1 gc, linux-amd64)
GC Precious Log:
 CPUs: 4 total, 4 available
 Memory: 6856M
 Large Page Support: Disabled
 NUMA Support: Disabled
 Compressed Oops: Enabled (32-bit)
 Heap Region Size: 1M
 Heap Min Capacity: 8M
 Heap Initial Capacity: 108M
 Heap Max Capacity: 2G
 Pre-touch: Disabled
 Parallel Workers: 4
 Concurrent Workers: 1
 Concurrent Refinement Workers: 4
 Periodic GC: Disabled
Heap:
 garbage-first heap   total 86016K, used 30212K [0x0000000080000000, 0x0000000100000000)
  region size 1024K, 5 young (5120K), 1 survivors (1024K)
 Metaspace       used 29624K, committed 29952K, reserved 491520K
  class space    used 4196K, committed 4352K, reserved 425984K
GC Heap History (14 events):
Event: 0.856 GC heap before
{Heap before GC invocations=0 (full 0):
 garbage-first heap   total 112640K, used 13292K [0x0000000080000000, 0x0000000100000000)
  region size 1024K, 13 young (13312K), 0 survivors (0K)
 Metaspace       used 956K, committed 1088K, reserved 491520K
  class space    used 75K, committed 128K, reserved 425984K
}
Event: 0.864 GC heap after
{Heap after GC invocations=1 (full 0):
 garbage-first heap   total 112640K, used 4591K [0x0000000080000000, 0x0000000100000000)
  region size 1024K, 2 young (2048K), 2 survivors (2048K)
 Metaspace       used 956K, committed 1088K, reserved 491520K
  class space    used 75K, committed 128K, reserved 425984K
}
Event: 5.961 GC heap before
{Heap before GC invocations=1 (full 0):
 garbage-first heap   total 112640K, used 25071K [0x0000000080000000, 0x0000000100000000)
  region size 1024K, 18 young (18432K), 2 survivors (2048K)
 Metaspace       used 3846K, committed 4032K, reserved 491520K
  class space    used 483K, committed 576K, reserved 425984K
}
Event: 5.971 GC heap after
{Heap after GC invocations=2 (full 0):
 garbage-first heap   total 112640K, used 10993K [0x0000000080000000, 0x0000000100000000)
  region size 1024K, 3 young (3072K), 3 survivors (3072K)
 Metaspace       used 3846K, committed 4032K, reserved 491520K
  class space    used 483K, committed 576K, reserved 425984K
}
Event: 13.322 GC heap before
{Heap before GC invocations=2 (full 0):
 garbage-first heap   total 112640K, used 34545K [0x0000000080000000, 0x0000000100000000)
  region size 1024K, 26 young (26624K), 3 survivors (3072K)
 Metaspace       used 4711K, committed 4928K, reserved 491520K
  class space    used 634K, committed 768K, reserved 425984K
}
Event: 13.332 GC heap after
{Heap after GC invocations=3 (full 0):
 garbage-first heap   total 112640K, used 15555K [0x0000000080000000, 0x0000000100000000)
  region size 1024K, 4 young (4096K), 4 survivors (4096K)
 Metaspace       used 4711K, committed 4928K, reserved 491520K
  class space    used 634K, committed 768K, reserved 425984K
}
Event: 28.807 GC heap before
{Heap before GC invocations=3 (full 0):
 garbage-first heap   total 112640K, used 76995K [0x0000000080000000, 0x0000000100000000)
  region size 1024K, 64 young (65536K), 4 survivors (4096K)
 Metaspace       used 17064K, committed 17408K, reserved 491520K
  class space    used 2508K, committed 2688K, reserved 425984K
}
Event: 28.825 GC heap after
{Heap after GC invocations=4 (full 0):
 garbage-first heap   total 112640K, used 20727K [0x0000000080000000, 0x0000000100000000)
  region size 1024K, 8 young (8192K), 8 survivors (8192K)
 Metaspace       used 17064K, committed 17408K, reserved 491520K
  class space    used 2508K, committed 2688K, reserved 425984K
}
Event: 31.843 GC heap before
{Heap before GC invocations=4 (full 0):
 garbage-first heap   total 112640K, used 48375K [0x0000000080000000, 0x0000000100000000)
  region size 1024K, 36 young (36864K), 8 survivors (8192K)
 Metaspace       used 21230K, committed 21504K, reserved 491520K
  class space    used 3172K, committed 3328K, reserved 425984K
}
Event: 31.874 GC heap after
{Heap after GC invocations=5 (full 0):
 garbage-first heap   total 112640K, used 22538K [0x0000000080000000, 0x0000000100000000)
  region size 1024K, 2 young (2048K), 2 survivors (2048K)
 Metaspace       used 21230K, committed 21504K, reserved 491520K
  class space    used 3172K, committed 3328K, reserved 425984K
}
Event: 41.714 GC heap before
{Heap before GC invocations=6 (full 0):
 garbage-first heap   total 86016K, used 71690K [0x0000000080000000, 0x0000000100000000)
  region size 1024K, 50 young (51200K), 2 survivors (2048K)
 Metaspace       used 28701K, committed 29056K, reserved 491520K
  class space    used 4058K, committed 4224K, reserved 425984K
}
Event: 41.734 GC heap after
{Heap after GC invocations=7 (full 0):
 garbage-first heap   total 86016K, used 27392K [0x0000000080000000, 0x0000000100000000)
  region size 1024K, 7 young (7168K), 7 survivors (7168K)
 Metaspace       used 28701K, committed 29056K, reserved 491520K
  class space    used 4058K, committed 4224K, reserved 425984K
}
Event: 41.844 GC heap before
{Heap before GC invocations=7 (full 0):
 garbage-first heap   total 86016K, used 27392K [0x0000000080000000, 0x0000000100000000)
  region size 1024K, 8 young (8192K), 7 survivors (7168K)
 Metaspace       used 28990K, committed 29312K, reserved 491520K
  class space    used 4088K, committed 4224K, reserved 425984K
}
Event: 41.864 GC heap after
{Heap after GC invocations=8 (full 0):
 garbage-first heap   total 86016K, used 27140K [0x0000000080000000, 0x0000000100000000)
  region size 1024K, 1 young (1024K), 1 survivors (1024K)
 Metaspace       used 28990K, committed 29312K, reserved 491520K
  class space    used 4088K, committed 4224K, reserved 425984K
}

